select * from quest where experience > 3000; #13:11:49@rubyquest.db
select * from person where gold < 1800; #13:12:27@rubyquest.db
select * from person where gold < 1850; #13:13:15@rubyquest.db
select * from person where gold >= 1300; #13:13:53@rubyquest.db
select * from weapons where cost < 300; #13:14:45@rubyquest.db
select * from weapon where cost < 300; #13:15:03@rubyquest.db
select * from weapon where price < 300; #13:15:24@rubyquest.db
select * from quest where gold > experience; #13:16:29@rubyquest.db
select * from quest where gold < experience; #13:16:41@rubyquest.db
select * from quest where gold > experience; #13:17:09@rubyquest.db
select * from quest where gold < experience; #13:17:34@rubyquest.db
select name from creature where max_health > health; #13:18:43@rubyquest.db
select * from creature where max_health > health; #13:18:55@rubyquest.db
select name from creature where max_health > health; #13:19:21@rubyquest.db
select * from quest where experience > 3000; #13:19:43@rubyquest.db
select * from person where gold > 1800; #13:20:07@rubyquest.db
select * from person where gold < 1850; #13:20:35@rubyquest.db
select * from person where gold >= 1300; #13:20:42@rubyquest.db
select * from weapon where price < 300; #13:20:52@rubyquest.db
select * from quest where gold > experience; #13:21:00@rubyquest.db
select name from creature where max_health > health; #13:21:08@rubyquest.db
select * from creature where max_health > health; #13:23:27@rubyquest.db
select * from creature where health > max_health; #13:25:37@rubyquest.db
select name from person order by name asc; #13:31:35@rubyquest.db
select name from person order by name asc; #13:31:40@rubyquest.db
select * from person order by name asc; #13:32:10@rubyquest.db
select * from city order by name desc; #13:32:52@rubyquest.db
select top 10 * from people; #13:34:08@rubyquest.db
select * from people where limit 10; #13:36:20@rubyquest.db
SELECT TOP 10 * FROM people;; #13:48:00@rubyquest.db
select top 10 * from people;; #13:48:30@rubyquest.db
select top 3 * from people;; #13:48:41@rubyquest.db
select * from top 10 people;; #13:49:23@rubyquest.db
select * from people limit 10; #13:50:55@rubyquest.db
select * from person limit 10; #13:51:18@rubyquest.db
select * from city order by name desc; #13:52:20@rubyquest.db
select * from person limit 10; #13:52:31@rubyquest.db
select * from weapon order by gold asc; #13:52:58@rubyquest.db
select * from weapon order by price asc; #13:53:06@rubyquest.db
select * from weapon order by price desc limit 5; #13:53:28@rubyquest.db
select * from weapon order by damgage asc limit 3; #13:54:12@rubyquest.db
select * from weapon order by damage asc limit 3; #13:54:19@rubyquest.db
select * from weapon order by attack asc limit 3; #13:54:45@rubyquest.db
select distinct name from animal; #13:55:53@rubyquest.db
select distinct names from animal; #13:56:00@rubyquest.db
select distinct type from animal; #13:56:24@rubyquest.db
select name from npc; #13:57:21@rubyquest.db
select * from npc; #13:57:28@rubyquest.db
select profession from npc; #13:57:47@rubyquest.db
select profession from npc order by profession asc; #13:58:06@rubyquest.db
select distinct profession from npc order by profession asc; #13:58:37@rubyquest.db
select * from person order by name asc; #13:59:08@rubyquest.db
select * from city order by name desc; #13:59:23@rubyquest.db
select * from person limit 10; #13:59:38@rubyquest.db
select * from weapon order by price desc limit 5; #13:59:46@rubyquest.db
select * from weapon order by attack asc limit 3; #13:59:54@rubyquest.db
select distinct type from animal; #14:00:01@rubyquest.db
select distinct profession from npc order by profession asc; #14:00:07@rubyquest.db
select distinct name from person order by name asc; #14:02:24@rubyquest.db
